<?xml version="1.0" encoding="UTF-8"?>
<!-- Generated by org.testng.reporters.JUnitXMLReporter -->
<testsuite ignored="0" hostname="DESKTOP-1NV6O7N" failures="0" tests="4" name="Default test" time="2.045" errors="0" timestamp="2022-12-24T12:00:18 IST">
  <testcase classname="test_cases.Smoke_Tests" name="TC_01_verify_json_data_received_as_required" time="1.576"/>
  <testcase classname="test_cases.Smoke_Tests" name="TC_02_verify_all_key_value_pairs_received" time="0.088"/>
  <testcase classname="test_cases.Smoke_Tests" name="TC_03_verify_at_least_one_player_is_foraigner_in_team" time="0.079"/>
  <testcase classname="test_cases.Smoke_Tests" name="TC_04_verify_at_least_one_wicket_keeper_available_in_team" time="0.046"/>
</testsuite> <!-- Default test -->
